[GIN-debug] [WARNING] Creating an Engine instance with the Logger and Recovery middleware already attached.

[GIN-debug] [WARNING] Running in "debug" mode. Switch to "release" mode in production.
 - using env:	export GIN_MODE=release
 - using code:	gin.SetMode(gin.ReleaseMode)

INFO:	2024/09/12 10:11:15 MONGOURI mongodb+srv://tejeshreddy250:test123@cluster0.jcs3sfu.mongodb.net/?retryWrites=true&w=majority&appName=Cluster0
[GIN-debug] GET    /                         --> main.main.func2 (3 handlers)
[GIN-debug] POST   /v1/voucher/create        --> github.com/deVamshi/golang_food_delivery_api/internal/voucher.(*VoucherController).CreateVoucher-fm (4 handlers)
[GIN-debug] GET    /v1/voucher/get/:id       --> github.com/deVamshi/golang_food_delivery_api/internal/voucher.(*VoucherController).GetVoucher-fm (4 handlers)
[GIN-debug] GET    /v1/voucher/getvouchers   --> github.com/deVamshi/golang_food_delivery_api/internal/voucher.(*VoucherController).GetAll-fm (4 handlers)
[GIN-debug] PATCH  /v1/voucher/update/:id    --> github.com/deVamshi/golang_food_delivery_api/internal/voucher.(*VoucherController).UpdateVoucher-fm (4 handlers)
[GIN-debug] DELETE /v1/voucher/delete/:id    --> github.com/deVamshi/golang_food_delivery_api/internal/voucher.(*VoucherController).DeleteVoucher-fm (4 handlers)
[GIN-debug] POST   /v1/voucher/validate/:id  --> github.com/deVamshi/golang_food_delivery_api/internal/voucher.(*VoucherController).ValidateVoucher-fm (4 handlers)
[GIN-debug] POST   /v1/hotel/create          --> github.com/deVamshi/golang_food_delivery_api/internal/hotels.resource.CreateHotel-fm (4 handlers)
[GIN-debug] GET    /v1/hotel/get/:id         --> github.com/deVamshi/golang_food_delivery_api/internal/hotels.resource.GetHotel-fm (4 handlers)
[GIN-debug] GET    /v1/hotel/getall          --> github.com/deVamshi/golang_food_delivery_api/internal/hotels.resource.GetAllHotels-fm (4 handlers)
[GIN-debug] PATCH  /v1/hotel/update/:id      --> github.com/deVamshi/golang_food_delivery_api/internal/hotels.resource.UpdateHotel-fm (4 handlers)
[GIN-debug] DELETE /v1/hotel/delete/:id      --> github.com/deVamshi/golang_food_delivery_api/internal/hotels.resource.DeleteHotel-fm (4 handlers)
[GIN-debug] POST   /v1/hotel/nearby          --> github.com/deVamshi/golang_food_delivery_api/internal/hotels.resource.GetNearbyHotels-fm (4 handlers)
[GIN-debug] POST   /v1/user/create           --> github.com/deVamshi/golang_food_delivery_api/internal/user.(*UserController).CreateUser-fm (4 handlers)
[GIN-debug] GET    /v1/user/get/:id          --> github.com/deVamshi/golang_food_delivery_api/internal/user.(*UserController).GetUser-fm (4 handlers)
[GIN-debug] GET    /v1/user/getusers         --> github.com/deVamshi/golang_food_delivery_api/internal/user.(*UserController).GetAll-fm (4 handlers)
[GIN-debug] PATCH  /v1/user/update/:id       --> github.com/deVamshi/golang_food_delivery_api/internal/user.(*UserController).UpdateUser-fm (4 handlers)
[GIN-debug] DELETE /v1/user/delete/:id       --> github.com/deVamshi/golang_food_delivery_api/internal/user.(*UserController).DeleteUser-fm (4 handlers)
[GIN-debug] POST   /v1/fooditem/create       --> github.com/deVamshi/golang_food_delivery_api/internal/fooditem.(*FoodItemController).CreateFoodItem-fm (4 handlers)
[GIN-debug] GET    /v1/fooditem/get/:id      --> github.com/deVamshi/golang_food_delivery_api/internal/fooditem.(*FoodItemController).GetFoodItem-fm (4 handlers)
[GIN-debug] GET    /v1/fooditem/getall       --> github.com/deVamshi/golang_food_delivery_api/internal/fooditem.(*FoodItemController).GetAllFoodItems-fm (4 handlers)
[GIN-debug] PATCH  /v1/fooditem/update/:id   --> github.com/deVamshi/golang_food_delivery_api/internal/fooditem.(*FoodItemController).UpdateFoodItem-fm (4 handlers)
[GIN-debug] DELETE /v1/fooditem/delete/:id   --> github.com/deVamshi/golang_food_delivery_api/internal/fooditem.(*FoodItemController).DeleteFoodItem-fm (4 handlers)
[GIN-debug] POST   /v1/fooditem/rating/:id   --> github.com/deVamshi/golang_food_delivery_api/internal/fooditem.(*FoodItemController).GiveRating-fm (4 handlers)
[GIN-debug] GET    /v1/fooditem/menu/:id     --> github.com/deVamshi/golang_food_delivery_api/internal/fooditem.(*FoodItemController).GetMenu-fm (4 handlers)
[GIN-debug] POST   /v1/order/create          --> github.com/deVamshi/golang_food_delivery_api/internal/orders.(*OrderController).CreateOrder-fm (4 handlers)
[GIN-debug] GET    /v1/order/get/:id         --> github.com/deVamshi/golang_food_delivery_api/internal/orders.(*OrderController).GetOrder-fm (4 handlers)
[GIN-debug] GET    /v1/order/getall          --> github.com/deVamshi/golang_food_delivery_api/internal/orders.(*OrderController).GetAllOrders-fm (4 handlers)
[GIN-debug] PATCH  /v1/order/update/:id      --> github.com/deVamshi/golang_food_delivery_api/internal/orders.(*OrderController).UpdateOrder-fm (4 handlers)
[GIN-debug] POST   /v1/payments/initiate     --> github.com/deVamshi/golang_food_delivery_api/internal/payments.executerazorpay (4 handlers)
[GIN-debug] POST   /v1/payments/verify       --> github.com/deVamshi/golang_food_delivery_api/internal/payments.RazorPaymentVerification (4 handlers)
[GIN-debug] POST   /v1/distance              --> github.com/deVamshi/golang_food_delivery_api/internal/deliveryfee.distanceHandler (4 handlers)
[GIN-debug] POST   /v1/matrix/distance       --> github.com/deVamshi/golang_food_delivery_api/internal/matrixapi.distance (4 handlers)
INFO:	2024/09/12 10:11:15 listening on http://localhost:4000
[GIN] 2024/09/12 - 10:11:26 | 200 |      94.958µs |             ::1 | GET      "/"
[GIN] 2024/09/12 - 10:11:50 | 404 |       3.875µs |             ::1 | GET      "/wjoefjwoejf"
[GIN-debug] [WARNING] Creating an Engine instance with the Logger and Recovery middleware already attached.

[GIN-debug] [WARNING] Running in "debug" mode. Switch to "release" mode in production.
 - using env:	export GIN_MODE=release
 - using code:	gin.SetMode(gin.ReleaseMode)

INFO:	2024/09/12 10:12:27 MONGOURI mongodb+srv://tejeshreddy250:test123@cluster0.jcs3sfu.mongodb.net/?retryWrites=true&w=majority&appName=Cluster0
[GIN-debug] GET    /                         --> main.main.func2 (3 handlers)
[GIN-debug] POST   /v1/voucher/create        --> github.com/deVamshi/golang_food_delivery_api/internal/voucher.(*VoucherController).CreateVoucher-fm (4 handlers)
[GIN-debug] GET    /v1/voucher/get/:id       --> github.com/deVamshi/golang_food_delivery_api/internal/voucher.(*VoucherController).GetVoucher-fm (4 handlers)
[GIN-debug] GET    /v1/voucher/getvouchers   --> github.com/deVamshi/golang_food_delivery_api/internal/voucher.(*VoucherController).GetAll-fm (4 handlers)
[GIN-debug] PATCH  /v1/voucher/update/:id    --> github.com/deVamshi/golang_food_delivery_api/internal/voucher.(*VoucherController).UpdateVoucher-fm (4 handlers)
[GIN-debug] DELETE /v1/voucher/delete/:id    --> github.com/deVamshi/golang_food_delivery_api/internal/voucher.(*VoucherController).DeleteVoucher-fm (4 handlers)
[GIN-debug] POST   /v1/voucher/validate/:id  --> github.com/deVamshi/golang_food_delivery_api/internal/voucher.(*VoucherController).ValidateVoucher-fm (4 handlers)
[GIN-debug] POST   /v1/hotel/create          --> github.com/deVamshi/golang_food_delivery_api/internal/hotels.resource.CreateHotel-fm (4 handlers)
[GIN-debug] GET    /v1/hotel/get/:id         --> github.com/deVamshi/golang_food_delivery_api/internal/hotels.resource.GetHotel-fm (4 handlers)
[GIN-debug] GET    /v1/hotel/getall          --> github.com/deVamshi/golang_food_delivery_api/internal/hotels.resource.GetAllHotels-fm (4 handlers)
[GIN-debug] PATCH  /v1/hotel/update/:id      --> github.com/deVamshi/golang_food_delivery_api/internal/hotels.resource.UpdateHotel-fm (4 handlers)
[GIN-debug] DELETE /v1/hotel/delete/:id      --> github.com/deVamshi/golang_food_delivery_api/internal/hotels.resource.DeleteHotel-fm (4 handlers)
[GIN-debug] POST   /v1/hotel/nearby          --> github.com/deVamshi/golang_food_delivery_api/internal/hotels.resource.GetNearbyHotels-fm (4 handlers)
[GIN-debug] POST   /v1/user/create           --> github.com/deVamshi/golang_food_delivery_api/internal/user.(*UserController).CreateUser-fm (4 handlers)
[GIN-debug] GET    /v1/user/get/:id          --> github.com/deVamshi/golang_food_delivery_api/internal/user.(*UserController).GetUser-fm (4 handlers)
[GIN-debug] GET    /v1/user/getusers         --> github.com/deVamshi/golang_food_delivery_api/internal/user.(*UserController).GetAll-fm (4 handlers)
[GIN-debug] PATCH  /v1/user/update/:id       --> github.com/deVamshi/golang_food_delivery_api/internal/user.(*UserController).UpdateUser-fm (4 handlers)
[GIN-debug] DELETE /v1/user/delete/:id       --> github.com/deVamshi/golang_food_delivery_api/internal/user.(*UserController).DeleteUser-fm (4 handlers)
[GIN-debug] POST   /v1/fooditem/create       --> github.com/deVamshi/golang_food_delivery_api/internal/fooditem.(*FoodItemController).CreateFoodItem-fm (4 handlers)
[GIN-debug] GET    /v1/fooditem/get/:id      --> github.com/deVamshi/golang_food_delivery_api/internal/fooditem.(*FoodItemController).GetFoodItem-fm (4 handlers)
[GIN-debug] GET    /v1/fooditem/getall       --> github.com/deVamshi/golang_food_delivery_api/internal/fooditem.(*FoodItemController).GetAllFoodItems-fm (4 handlers)
[GIN-debug] PATCH  /v1/fooditem/update/:id   --> github.com/deVamshi/golang_food_delivery_api/internal/fooditem.(*FoodItemController).UpdateFoodItem-fm (4 handlers)
[GIN-debug] DELETE /v1/fooditem/delete/:id   --> github.com/deVamshi/golang_food_delivery_api/internal/fooditem.(*FoodItemController).DeleteFoodItem-fm (4 handlers)
[GIN-debug] POST   /v1/fooditem/rating/:id   --> github.com/deVamshi/golang_food_delivery_api/internal/fooditem.(*FoodItemController).GiveRating-fm (4 handlers)
[GIN-debug] GET    /v1/fooditem/menu/:id     --> github.com/deVamshi/golang_food_delivery_api/internal/fooditem.(*FoodItemController).GetMenu-fm (4 handlers)
[GIN-debug] POST   /v1/order/create          --> github.com/deVamshi/golang_food_delivery_api/internal/orders.(*OrderController).CreateOrder-fm (4 handlers)
[GIN-debug] GET    /v1/order/get/:id         --> github.com/deVamshi/golang_food_delivery_api/internal/orders.(*OrderController).GetOrder-fm (4 handlers)
[GIN-debug] GET    /v1/order/getall          --> github.com/deVamshi/golang_food_delivery_api/internal/orders.(*OrderController).GetAllOrders-fm (4 handlers)
[GIN-debug] PATCH  /v1/order/update/:id      --> github.com/deVamshi/golang_food_delivery_api/internal/orders.(*OrderController).UpdateOrder-fm (4 handlers)
[GIN-debug] POST   /v1/payments/initiate     --> github.com/deVamshi/golang_food_delivery_api/internal/payments.executerazorpay (4 handlers)
[GIN-debug] POST   /v1/payments/verify       --> github.com/deVamshi/golang_food_delivery_api/internal/payments.RazorPaymentVerification (4 handlers)
[GIN-debug] POST   /v1/distance              --> github.com/deVamshi/golang_food_delivery_api/internal/deliveryfee.distanceHandler (4 handlers)
[GIN-debug] POST   /v1/matrix/distance       --> github.com/deVamshi/golang_food_delivery_api/internal/matrixapi.distance (4 handlers)
INFO:	2024/09/12 10:12:27 listening on http://localhost:4000
